\BOOKMARK [0][]{chapter.1}{Introduction}{}% 1
\BOOKMARK [0][]{chapter.2}{The Standard Model and the Top Quark}{}% 2
\BOOKMARK [1][]{section.2.1}{Particles, Forces and Fields}{chapter.2}% 3
\BOOKMARK [1][]{section.2.2}{Fundamental Forces and Symmetry Breaking}{chapter.2}% 4
\BOOKMARK [2][]{subsection.2.2.1}{Quantum Chromo Dynamics}{section.2.2}% 5
\BOOKMARK [2][]{subsection.2.2.2}{The Electroweak Force}{section.2.2}% 6
\BOOKMARK [2][]{subsection.2.2.3}{The Higgs Mechanism}{section.2.2}% 7
\BOOKMARK [1][]{section.2.3}{Relevance of the Top Quark}{chapter.2}% 8
\BOOKMARK [1][]{section.2.4}{Top-Quark Production}{chapter.2}% 9
\BOOKMARK [2][]{subsection.2.4.1}{Single Top-Quark Production}{section.2.4}% 10
\BOOKMARK [2][]{subsection.2.4.2}{Top-Quark Pair Production}{section.2.4}% 11
\BOOKMARK [1][]{section.2.5}{Top-Quark Decay}{chapter.2}% 12
\BOOKMARK [0][]{chapter.3}{The ATLAS Experiment at the LHC}{}% 13
\BOOKMARK [1][]{section.3.1}{The Large Hadron Collider}{chapter.3}% 14
\BOOKMARK [1][]{section.3.2}{The ATLAS Experiment}{chapter.3}% 15
\BOOKMARK [2][]{subsection.3.2.1}{The Inner Detector System}{section.3.2}% 16
\BOOKMARK [2][]{subsection.3.2.2}{The Calorimeter System}{section.3.2}% 17
\BOOKMARK [2][]{subsection.3.2.3}{The Muon Spectrometer}{section.3.2}% 18
\BOOKMARK [1][]{section.3.3}{Trigger System and Data Acquisition}{chapter.3}% 19
\BOOKMARK [2][]{subsection.3.3.1}{Data Handling}{section.3.3}% 20
\BOOKMARK [2][]{subsection.3.3.2}{Detector Simulation}{section.3.3}% 21
\BOOKMARK [0][]{chapter.4}{Object Definition and Preselection}{}% 22
\BOOKMARK [1][]{section.4.1}{Physics Objects}{chapter.4}% 23
\BOOKMARK [2][]{subsection.4.1.1}{Total Event Topology}{section.4.1}% 24
\BOOKMARK [2][]{subsection.4.1.2}{Electron Candidates}{section.4.1}% 25
\BOOKMARK [2][]{subsection.4.1.3}{Muon Candidates}{section.4.1}% 26
\BOOKMARK [2][]{subsection.4.1.4}{Jets}{section.4.1}% 27
\BOOKMARK [2][]{subsection.4.1.5}{Tagging of b-Jets}{section.4.1}% 28
\BOOKMARK [2][]{subsection.4.1.6}{Missing Transverse Energy}{section.4.1}% 29
\BOOKMARK [1][]{section.4.2}{Data and Monte Carlo Samples}{chapter.4}% 30
\BOOKMARK [1][]{section.4.3}{Event Preselection and Background Contributions}{chapter.4}% 31
\BOOKMARK [2][]{subsection.4.3.1}{Single Top Background}{section.4.3}% 32
\BOOKMARK [2][]{subsection.4.3.2}{Diboson Background}{section.4.3}% 33
\BOOKMARK [2][]{subsection.4.3.3}{W + Jets Background}{section.4.3}% 34
\BOOKMARK [2][]{subsection.4.3.4}{Z + Jets Background}{section.4.3}% 35
\BOOKMARK [2][]{subsection.4.3.5}{Multijet/Non-Prompt Lepton Background}{section.4.3}% 36
\BOOKMARK [2][]{subsection.4.3.6}{Event Triggering}{section.4.3}% 37
\BOOKMARK [2][]{subsection.4.3.7}{Preselection Criteria}{section.4.3}% 38
\BOOKMARK [0][]{chapter.5}{Event reconstruction}{}% 39
\BOOKMARK [1][]{section.5.1}{Reconstruction of the tbart final-state}{chapter.5}% 40
\BOOKMARK [0][]{chapter.6}{Measurement of Top-Quark Mass}{}% 41
\BOOKMARK [1][]{section.6.1}{3D-Template Method}{chapter.6}% 42
\BOOKMARK [1][]{section.6.2}{The Unbinned Maximum Likelihood Fit}{chapter.6}% 43
\BOOKMARK [1][]{section.6.3}{Closure Tests}{chapter.6}% 44
\BOOKMARK [0][]{chapter.7}{Uncertainty Evaluation}{}% 45
\BOOKMARK [1][]{section.7.1}{Evaluation of the Systematic Uncertainties}{chapter.7}% 46
\BOOKMARK [1][]{section.7.2}{Modelling of the Uncertainties}{chapter.7}% 47
\BOOKMARK [0][]{chapter.8}{Summary and Outlook}{}% 48
\BOOKMARK [0][]{chapter*.47}{Bibliography}{}% 49
\BOOKMARK [0][]{appendix.A}{KLFitter Reconstruction}{}% 50
\BOOKMARK [0][]{appendix.B}{Template Parametrization}{}% 51
\BOOKMARK [0][]{appendix*.72}{List of Figures}{}% 52
\BOOKMARK [0][]{appendix*.73}{List of Tables}{}% 53
